<?xml version="1.0" encoding="UTF-8"?>
<coverage generated="1525709029579" clover="3.2.0">
  <project timestamp="1525709029579" name="All files">
    <metrics statements="38" coveredstatements="36" conditionals="14" coveredconditionals="10" methods="11" coveredmethods="10" elements="63" coveredelements="56" complexity="0" loc="38" ncloc="38" packages="1" files="1" classes="1">
      <file name="index.js" path="/Users/jamesmckeon/Projects/reactstrap-pager/src/index.js">
        <metrics statements="38" coveredstatements="36" conditionals="14" coveredconditionals="10" methods="11" coveredmethods="10"/>
        <line num="7" count="13" type="stmt"/>
        <line num="9" count="13" type="stmt"/>
        <line num="10" count="13" type="stmt"/>
        <line num="11" count="13" type="stmt"/>
        <line num="12" count="13" type="stmt"/>
        <line num="14" count="13" type="stmt"/>
        <line num="18" count="13" type="stmt"/>
        <line num="19" count="13" type="stmt"/>
        <line num="20" count="13" type="stmt"/>
        <line num="21" count="54" type="stmt"/>
        <line num="23" count="13" type="stmt"/>
        <line num="27" count="4" type="stmt"/>
        <line num="29" count="4" type="stmt"/>
        <line num="31" count="4" type="cond" truecount="1" falsecount="1"/>
        <line num="32" count="4" type="stmt"/>
        <line num="36" count="6" type="cond" truecount="1" falsecount="1"/>
        <line num="37" count="0" type="stmt"/>
        <line num="38" count="0" type="stmt"/>
        <line num="41" count="6" type="stmt"/>
        <line num="42" count="6" type="stmt"/>
        <line num="47" count="1" type="stmt"/>
        <line num="49" count="1" type="stmt"/>
        <line num="50" count="1" type="cond" truecount="1" falsecount="1"/>
        <line num="53" count="1" type="stmt"/>
        <line num="57" count="1" type="stmt"/>
        <line num="59" count="1" type="stmt"/>
        <line num="60" count="1" type="cond" truecount="1" falsecount="1"/>
        <line num="64" count="1" type="stmt"/>
        <line num="68" count="19" type="stmt"/>
        <line num="75" count="84" type="stmt"/>
        <line num="91" count="1" type="stmt"/>
        <line num="96" count="26" type="cond" truecount="2" falsecount="0"/>
        <line num="97" count="2" type="stmt"/>
        <line num="98" count="24" type="cond" truecount="2" falsecount="0"/>
        <line num="99" count="2" type="stmt"/>
        <line num="100" count="22" type="cond" truecount="2" falsecount="0"/>
        <line num="101" count="2" type="stmt"/>
        <line num="108" count="1" type="stmt"/>
      </file>
    </metrics>
  </project>
</coverage>
