<?xml version="1.0" encoding="UTF-8"?>
<coverage generated="1525648211800" clover="3.2.0">
  <project timestamp="1525648211800" name="All files">
    <metrics statements="38" coveredstatements="25" conditionals="14" coveredconditionals="5" methods="11" coveredmethods="8" elements="63" coveredelements="38" complexity="0" loc="38" ncloc="38" packages="1" files="1" classes="1">
      <file name="index.js" path="/Users/jamesmckeon/Projects/reactstrap-pager/src/index.js">
        <metrics statements="38" coveredstatements="25" conditionals="14" coveredconditionals="5" methods="11" coveredmethods="8"/>
        <line num="7" count="8" type="stmt"/>
        <line num="9" count="8" type="stmt"/>
        <line num="10" count="8" type="stmt"/>
        <line num="11" count="8" type="stmt"/>
        <line num="12" count="8" type="stmt"/>
        <line num="14" count="8" type="stmt"/>
        <line num="18" count="8" type="stmt"/>
        <line num="19" count="8" type="stmt"/>
        <line num="20" count="8" type="stmt"/>
        <line num="21" count="38" type="stmt"/>
        <line num="23" count="8" type="stmt"/>
        <line num="27" count="2" type="stmt"/>
        <line num="29" count="2" type="stmt"/>
        <line num="31" count="2" type="cond" truecount="1" falsecount="1"/>
        <line num="32" count="2" type="stmt"/>
        <line num="36" count="2" type="cond" truecount="1" falsecount="1"/>
        <line num="37" count="0" type="stmt"/>
        <line num="38" count="0" type="stmt"/>
        <line num="41" count="2" type="stmt"/>
        <line num="42" count="2" type="stmt"/>
        <line num="47" count="0" type="stmt"/>
        <line num="49" count="0" type="stmt"/>
        <line num="50" count="0" type="cond" truecount="0" falsecount="2"/>
        <line num="53" count="0" type="stmt"/>
        <line num="57" count="0" type="stmt"/>
        <line num="59" count="0" type="stmt"/>
        <line num="60" count="0" type="cond" truecount="0" falsecount="2"/>
        <line num="64" count="0" type="stmt"/>
        <line num="68" count="10" type="stmt"/>
        <line num="75" count="48" type="stmt"/>
        <line num="91" count="1" type="stmt"/>
        <line num="96" count="16" type="cond" truecount="1" falsecount="1"/>
        <line num="97" count="0" type="stmt"/>
        <line num="98" count="16" type="cond" truecount="1" falsecount="1"/>
        <line num="99" count="0" type="stmt"/>
        <line num="100" count="16" type="cond" truecount="1" falsecount="1"/>
        <line num="101" count="0" type="stmt"/>
        <line num="108" count="1" type="stmt"/>
      </file>
    </metrics>
  </project>
</coverage>
