{"/Users/jamesmckeon/Projects/reactstrap-pager/src/index.js": {"path":"/Users/jamesmckeon/Projects/reactstrap-pager/src/index.js","statementMap":{"0":{"start":{"line":7,"column":4},"end":{"line":7,"column":26}},"1":{"start":{"line":9,"column":4},"end":{"line":9,"column":51}},"2":{"start":{"line":10,"column":4},"end":{"line":10,"column":51}},"3":{"start":{"line":11,"column":4},"end":{"line":11,"column":51}},"4":{"start":{"line":12,"column":4},"end":{"line":12,"column":49}},"5":{"start":{"line":14,"column":4},"end":{"line":14,"column":57}},"6":{"start":{"line":18,"column":16},"end":{"line":18,"column":18}},"7":{"start":{"line":19,"column":19},"end":{"line":19,"column":77}},"8":{"start":{"line":20,"column":4},"end":{"line":22,"column":5}},"9":{"start":{"line":21,"column":6},"end":{"line":21,"column":19}},"10":{"start":{"line":23,"column":4},"end":{"line":23,"column":17}},"11":{"start":{"line":27,"column":4},"end":{"line":27,"column":23}},"12":{"start":{"line":29,"column":21},"end":{"line":29,"column":60}},"13":{"start":{"line":31,"column":4},"end":{"line":33,"column":5}},"14":{"start":{"line":32,"column":6},"end":{"line":32,"column":34}},"15":{"start":{"line":36,"column":4},"end":{"line":44,"column":5}},"16":{"start":{"line":37,"column":6},"end":{"line":39,"column":9}},"17":{"start":{"line":38,"column":8},"end":{"line":38,"column":51}},"18":{"start":{"line":41,"column":6},"end":{"line":43,"column":9}},"19":{"start":{"line":42,"column":8},"end":{"line":42,"column":51}},"20":{"start":{"line":47,"column":4},"end":{"line":47,"column":23}},"21":{"start":{"line":49,"column":21},"end":{"line":49,"column":43}},"22":{"start":{"line":50,"column":18},"end":{"line":52,"column":63}},"23":{"start":{"line":53,"column":4},"end":{"line":53,"column":37}},"24":{"start":{"line":57,"column":4},"end":{"line":57,"column":23}},"25":{"start":{"line":59,"column":21},"end":{"line":59,"column":43}},"26":{"start":{"line":60,"column":18},"end":{"line":62,"column":31}},"27":{"start":{"line":64,"column":4},"end":{"line":64,"column":37}},"28":{"start":{"line":68,"column":4},"end":{"line":87,"column":6}},"29":{"start":{"line":75,"column":10},"end":{"line":81,"column":12}},"30":{"start":{"line":91,"column":0},"end":{"line":106,"column":2}},"31":{"start":{"line":96,"column":4},"end":{"line":102,"column":5}},"32":{"start":{"line":97,"column":6},"end":{"line":97,"column":49}},"33":{"start":{"line":98,"column":11},"end":{"line":102,"column":5}},"34":{"start":{"line":99,"column":6},"end":{"line":99,"column":63}},"35":{"start":{"line":100,"column":11},"end":{"line":102,"column":5}},"36":{"start":{"line":101,"column":6},"end":{"line":101,"column":58}},"37":{"start":{"line":108,"column":0},"end":{"line":110,"column":2}}},"fnMap":{"0":{"name":"(anonymous_0)","decl":{"start":{"line":6,"column":2},"end":{"line":6,"column":3}},"loc":{"start":{"line":6,"column":30},"end":{"line":15,"column":3}},"line":6},"1":{"name":"(anonymous_1)","decl":{"start":{"line":17,"column":2},"end":{"line":17,"column":3}},"loc":{"start":{"line":17,"column":22},"end":{"line":24,"column":3}},"line":17},"2":{"name":"(anonymous_2)","decl":{"start":{"line":26,"column":2},"end":{"line":26,"column":3}},"loc":{"start":{"line":26,"column":17},"end":{"line":34,"column":3}},"line":26},"3":{"name":"(anonymous_3)","decl":{"start":{"line":35,"column":2},"end":{"line":35,"column":3}},"loc":{"start":{"line":35,"column":32},"end":{"line":45,"column":3}},"line":35},"4":{"name":"(anonymous_4)","decl":{"start":{"line":37,"column":59},"end":{"line":37,"column":60}},"loc":{"start":{"line":37,"column":65},"end":{"line":39,"column":7}},"line":37},"5":{"name":"(anonymous_5)","decl":{"start":{"line":41,"column":45},"end":{"line":41,"column":46}},"loc":{"start":{"line":41,"column":51},"end":{"line":43,"column":7}},"line":41},"6":{"name":"(anonymous_6)","decl":{"start":{"line":46,"column":2},"end":{"line":46,"column":3}},"loc":{"start":{"line":46,"column":17},"end":{"line":54,"column":3}},"line":46},"7":{"name":"(anonymous_7)","decl":{"start":{"line":56,"column":2},"end":{"line":56,"column":3}},"loc":{"start":{"line":56,"column":17},"end":{"line":65,"column":3}},"line":56},"8":{"name":"(anonymous_8)","decl":{"start":{"line":67,"column":2},"end":{"line":67,"column":3}},"loc":{"start":{"line":67,"column":11},"end":{"line":88,"column":3}},"line":67},"9":{"name":"(anonymous_9)","decl":{"start":{"line":74,"column":30},"end":{"line":74,"column":31}},"loc":{"start":{"line":74,"column":35},"end":{"line":82,"column":9}},"line":74},"10":{"name":"(anonymous_10)","decl":{"start":{"line":95,"column":14},"end":{"line":95,"column":15}},"loc":{"start":{"line":95,"column":51},"end":{"line":103,"column":3}},"line":95}},"branchMap":{"0":{"loc":{"start":{"line":31,"column":4},"end":{"line":33,"column":5}},"type":"if","locations":[{"start":{"line":31,"column":4},"end":{"line":33,"column":5}},{"start":{"line":31,"column":4},"end":{"line":33,"column":5}}],"line":31},"1":{"loc":{"start":{"line":36,"column":4},"end":{"line":44,"column":5}},"type":"if","locations":[{"start":{"line":36,"column":4},"end":{"line":44,"column":5}},{"start":{"line":36,"column":4},"end":{"line":44,"column":5}}],"line":36},"2":{"loc":{"start":{"line":50,"column":18},"end":{"line":52,"column":63}},"type":"cond-expr","locations":[{"start":{"line":51,"column":8},"end":{"line":51,"column":12}},{"start":{"line":52,"column":8},"end":{"line":52,"column":63}}],"line":50},"3":{"loc":{"start":{"line":60,"column":18},"end":{"line":62,"column":31}},"type":"cond-expr","locations":[{"start":{"line":61,"column":8},"end":{"line":61,"column":12}},{"start":{"line":62,"column":8},"end":{"line":62,"column":31}}],"line":60},"4":{"loc":{"start":{"line":96,"column":4},"end":{"line":102,"column":5}},"type":"if","locations":[{"start":{"line":96,"column":4},"end":{"line":102,"column":5}},{"start":{"line":96,"column":4},"end":{"line":102,"column":5}}],"line":96},"5":{"loc":{"start":{"line":98,"column":11},"end":{"line":102,"column":5}},"type":"if","locations":[{"start":{"line":98,"column":11},"end":{"line":102,"column":5}},{"start":{"line":98,"column":11},"end":{"line":102,"column":5}}],"line":98},"6":{"loc":{"start":{"line":100,"column":11},"end":{"line":102,"column":5}},"type":"if","locations":[{"start":{"line":100,"column":11},"end":{"line":102,"column":5}},{"start":{"line":100,"column":11},"end":{"line":102,"column":5}}],"line":100}},"s":{"0":3,"1":3,"2":3,"3":3,"4":3,"5":3,"6":3,"7":3,"8":3,"9":15,"10":3,"11":0,"12":0,"13":0,"14":0,"15":0,"16":0,"17":0,"18":0,"19":0,"20":0,"21":0,"22":0,"23":0,"24":0,"25":0,"26":0,"27":0,"28":3,"29":15,"30":1,"31":5,"32":0,"33":5,"34":0,"35":5,"36":0,"37":1},"f":{"0":3,"1":3,"2":0,"3":0,"4":0,"5":0,"6":0,"7":0,"8":3,"9":15,"10":5},"b":{"0":[0,0],"1":[0,0],"2":[0,0],"3":[0,0],"4":[0,5],"5":[0,5],"6":[0,5]},"_coverageSchema":"332fd63041d2c1bcb487cc26dd0d5f7d97098a6c","hash":"06bfc6bbc872f92627ba647b863b7c3edaf480f2"}
}
