TN:
SF:/Users/jamesmckeon/Projects/reactstrap-pager/src/index.js
FN:6,(anonymous_0)
FN:17,(anonymous_1)
FN:26,(anonymous_2)
FN:35,(anonymous_3)
FN:37,(anonymous_4)
FN:41,(anonymous_5)
FN:46,(anonymous_6)
FN:56,(anonymous_7)
FN:67,(anonymous_8)
FN:74,(anonymous_9)
FN:95,(anonymous_10)
FNF:11
FNH:10
FNDA:13,(anonymous_0)
FNDA:13,(anonymous_1)
FNDA:4,(anonymous_2)
FNDA:6,(anonymous_3)
FNDA:0,(anonymous_4)
FNDA:6,(anonymous_5)
FNDA:1,(anonymous_6)
FNDA:1,(anonymous_7)
FNDA:19,(anonymous_8)
FNDA:84,(anonymous_9)
FNDA:26,(anonymous_10)
DA:7,13
DA:9,13
DA:10,13
DA:11,13
DA:12,13
DA:14,13
DA:18,13
DA:19,13
DA:20,13
DA:21,54
DA:23,13
DA:27,4
DA:29,4
DA:31,4
DA:32,4
DA:36,6
DA:37,0
DA:38,0
DA:41,6
DA:42,6
DA:47,1
DA:49,1
DA:50,1
DA:53,1
DA:57,1
DA:59,1
DA:60,1
DA:64,1
DA:68,19
DA:75,84
DA:91,1
DA:96,26
DA:97,2
DA:98,24
DA:99,2
DA:100,22
DA:101,2
DA:108,1
LF:38
LH:36
BRDA:31,0,0,4
BRDA:31,0,1,0
BRDA:36,1,0,0
BRDA:36,1,1,6
BRDA:50,2,0,1
BRDA:50,2,1,0
BRDA:60,3,0,1
BRDA:60,3,1,0
BRDA:96,4,0,2
BRDA:96,4,1,24
BRDA:98,5,0,2
BRDA:98,5,1,22
BRDA:100,6,0,2
BRDA:100,6,1,20
BRF:14
BRH:10
end_of_record
