TN:
SF:/Users/jamesmckeon/Projects/reactstrap-pager/src/index.js
FN:6,(anonymous_0)
FN:17,(anonymous_1)
FN:26,(anonymous_2)
FN:35,(anonymous_3)
FN:37,(anonymous_4)
FN:41,(anonymous_5)
FN:46,(anonymous_6)
FN:56,(anonymous_7)
FN:67,(anonymous_8)
FN:74,(anonymous_9)
FN:95,(anonymous_10)
FNF:11
FNH:8
FNDA:10,(anonymous_0)
FNDA:10,(anonymous_1)
FNDA:2,(anonymous_2)
FNDA:2,(anonymous_3)
FNDA:0,(anonymous_4)
FNDA:2,(anonymous_5)
FNDA:0,(anonymous_6)
FNDA:0,(anonymous_7)
FNDA:12,(anonymous_8)
FNDA:49,(anonymous_9)
FNDA:20,(anonymous_10)
DA:7,10
DA:9,10
DA:10,10
DA:11,10
DA:12,10
DA:14,10
DA:18,10
DA:19,10
DA:20,10
DA:21,39
DA:23,10
DA:27,2
DA:29,2
DA:31,2
DA:32,2
DA:36,2
DA:37,0
DA:38,0
DA:41,2
DA:42,2
DA:47,0
DA:49,0
DA:50,0
DA:53,0
DA:57,0
DA:59,0
DA:60,0
DA:64,0
DA:68,12
DA:75,49
DA:91,1
DA:96,20
DA:97,2
DA:98,18
DA:99,2
DA:100,16
DA:101,2
DA:108,1
LF:38
LH:28
BRDA:31,0,0,2
BRDA:31,0,1,0
BRDA:36,1,0,0
BRDA:36,1,1,2
BRDA:50,2,0,0
BRDA:50,2,1,0
BRDA:60,3,0,0
BRDA:60,3,1,0
BRDA:96,4,0,2
BRDA:96,4,1,18
BRDA:98,5,0,2
BRDA:98,5,1,16
BRDA:100,6,0,2
BRDA:100,6,1,14
BRF:14
BRH:8
end_of_record
